<?xml version="1.0" encoding="UTF-8"?>
<!-- Generated by org.testng.reporters.JUnitXMLReporter -->
<testsuite hostname="DESKTOP-BF2LAUJ" name="Datadriven NewTours Userregistration" tests="2" failures="0" timestamp="26 Dec 2017 23:59:30 GMT" time="50.315" errors="0">
  <testcase name="Register" time="0.533" classname="com.DataDrivenTesting.NewUserRegistration"/>
  <testcase name="NewUser" time="41.628" classname="com.DataDrivenTesting.NewUserRegistration"/>
</testsuite> <!-- Datadriven NewTours Userregistration -->
