<?xml version="1.0" encoding="UTF-8"?>
<!-- Generated by org.testng.reporters.JUnitXMLReporter -->
<testsuite hostname="DESKTOP-BF2LAUJ" name="Datadriver NewTours User registration" tests="2" failures="0" timestamp="27 Dec 2017 00:12:04 GMT" time="32.466" errors="0">
  <testcase name="Register" time="0.273" classname="com.DataDrivenTesting.NewUserRegistration"/>
  <testcase name="NewUser" time="25.622" classname="com.DataDrivenTesting.NewUserRegistration"/>
</testsuite> <!-- Datadriver NewTours User registration -->
