<?xml version="1.0" encoding="UTF-8"?>
<!-- Generated by org.testng.reporters.JUnitXMLReporter -->
<testsuite hostname="DESKTOP-BF2LAUJ" name="Datadriven NewTours User Registration Testing" tests="2" failures="0" timestamp="25 Dec 2017 02:12:03 GMT" time="47.927" errors="0">
  <testcase name="Register" time="0.286" classname="com.DataDrivenTesting.NewUserRegistration"/>
  <testcase name="NewUser" time="40.888" classname="com.DataDrivenTesting.NewUserRegistration"/>
</testsuite> <!-- Datadriven NewTours User Registration Testing -->
